
> yoga-backend@2.0.0 dev
> nodemon server.js

[33m[nodemon] 3.1.14[39m
[33m[nodemon] to restart at any time, enter `rs`[39m
[33m[nodemon] watching path(s): *.*[39m
[33m[nodemon] watching extensions: js,mjs,cjs,json[39m
[32m[nodemon] starting `node server.js`[39m
🚀 Server: http://localhost:5000
📚 API Docs: http://localhost:5000/api-docs
🧘 3D Viewer: http://localhost:5000
📊 Features: Auth, Progress Tracking, 3D Visualization
MongoDB Connected: 127.0.0.1
[31m[nodemon] app crashed - waiting for file changes before starting...[39m
[32m[nodemon] restarting child process[39m
[32m[nodemon] starting `node server.js`[39m
🚀 Server: http://localhost:5000
📚 API Docs: http://localhost:5000/api-docs
🧘 3D Viewer: http://localhost:5000
📊 Features: Auth, Progress Tracking, 3D Visualization
MongoDB Connected: 127.0.0.1
